<?xml version="1.0" encoding="UTF-8"?>
<!-- Generated by org.testng.reporters.JUnitReportReporter -->
<testsuite hostname="Jat" failures="0" tests="2" name="Page.Main_Items_page" time="0.841" errors="0" timestamp="2025-08-04T17:44:53 IST" skipped="0">
  <testcase classname="Page.Main_Items_page" name="loginpage" time="0.445"/>
  <testcase classname="Page.Main_Items_page" name="MainproductScreen" time="0.396"/>
</testsuite> <!-- Page.Main_Items_page -->
