<?xml version="1.0" encoding="UTF-8"?>
<!-- Generated by org.testng.reporters.JUnitReportReporter -->
<testsuite hostname="Jat" failures="0" tests="1" name="Page.LogIn_Page" time="0.441" errors="0" timestamp="2025-08-04T16:48:56 IST" skipped="0">
  <testcase classname="Page.LogIn_Page" name="loginpage" time="0.441"/>
</testsuite> <!-- Page.LogIn_Page -->
