<?xml version="1.0" encoding="UTF-8"?>
<!-- Generated by org.testng.reporters.JUnitReportReporter -->
<testsuite hostname="Jat" failures="0" tests="4" name="Page.Checkout_information_page" time="1.348" errors="0" timestamp="2025-08-04T17:53:40 IST" skipped="0">
  <testcase classname="Page.Checkout_information_page" name="loginpage" time="0.373"/>
  <testcase classname="Page.Checkout_information_page" name="MainproductScreen" time="0.337"/>
  <testcase classname="Page.Checkout_information_page" name="CheckoutItemList" time="0.246"/>
  <testcase classname="Page.Checkout_information_page" name="information" time="0.392"/>
</testsuite> <!-- Page.Checkout_information_page -->
