<?xml version="1.0" encoding="UTF-8"?>
<!-- Generated by org.testng.reporters.JUnitReportReporter -->
<testsuite hostname="Jat" failures="0" tests="3" name="Page.Checkout_Overview" time="1.009" errors="0" timestamp="2025-08-04T17:51:37 IST" skipped="0">
  <testcase classname="Page.Checkout_Overview" name="loginpage" time="0.386"/>
  <testcase classname="Page.Checkout_Overview" name="MainproductScreen" time="0.360"/>
  <testcase classname="Page.Checkout_Overview" name="CheckoutItemList" time="0.263"/>
</testsuite> <!-- Page.Checkout_Overview -->
